[2025-10-04 00:10:42] [crossword-inference.sh] Managing in 'sbatch' mode for 5 loop(s).
[2025-10-04 00:10:42] [crossword-inference.sh] Submitting iteration 1/5...
[2025-10-04 00:10:42] [carpark-inference.sh] Managing in 'sbatch' mode for 5 loop(s).
[2025-10-04 00:10:42] [math7b-inference.sh] Managing in 'sbatch' mode for 5 loop(s).
[2025-10-04 00:10:42] [math-inference.sh] Managing in 'sbatch' mode for 5 loop(s).
[2025-10-04 00:10:42] [math7b-inference.sh] Submitting iteration 1/5...
[2025-10-04 00:10:42] [math-inference.sh] Submitting iteration 1/5...
[2025-10-04 00:10:42] [carpark-inference.sh] Submitting iteration 1/5...
[2025-10-04 00:10:42] [math7b-inference.sh] Submitted job: 25105774
[2025-10-04 00:10:42] [crossword-inference.sh] Submitted job: 25105773
[2025-10-04 00:10:42] [math7b-inference.sh] Waiting for Slurm job 25105774 to finish...
[2025-10-04 00:10:42] [crossword-inference.sh] Waiting for Slurm job 25105773 to finish...
[2025-10-04 00:10:42] [carpark-inference.sh] Submitted job: 25105775
[2025-10-04 00:10:42] [carpark-inference.sh] Waiting for Slurm job 25105775 to finish...
[2025-10-04 00:10:42] [math-inference.sh] Submitted job: 25105776
[2025-10-04 00:10:42] [math-inference.sh] Waiting for Slurm job 25105776 to finish...
[2025-10-04 00:14:42] [crossword-inference.sh] Slurm job 25105773 finished.
[2025-10-04 00:14:42] [crossword-inference.sh] sacct: 25105773_0|COMPLETED|0:0
[2025-10-04 00:14:42] [crossword-inference.sh] Iteration 1/5 done. Restarting...
[2025-10-04 00:14:42] [crossword-inference.sh] Submitting iteration 2/5...
[2025-10-04 00:14:42] [crossword-inference.sh] Submitted job: 25106021
[2025-10-04 00:14:42] [crossword-inference.sh] Waiting for Slurm job 25106021 to finish...
slurmstepd: error: *** JOB 25105772 ON node204 CANCELLED AT 2025-10-04T00:49:06 ***
Signal received, terminating child processes...
[2025-10-04 00:49:06] All script managers finished (5 loop(s) each).
