[2025-10-06 06:19:12] [math8b-inference.sh] Managing in 'sbatch' mode for 5 loop(s).
[2025-10-06 06:19:12] [math8b-inference.sh] Submitting iteration 1/5...
[2025-10-06 06:19:12] [math8b-inference.sh] Submitted job: 25126705
[2025-10-06 06:19:12] [math8b-inference.sh] Waiting for Slurm job 25126705 to finish...
[2025-10-06 07:18:46] [math8b-inference.sh] Slurm job 25126705 finished.
[2025-10-06 07:18:46] [math8b-inference.sh] sacct: 25126705_0|TIMEOUT|0:0
[2025-10-06 07:18:46] ERROR: [math8b-inference.sh] Job 25126705 did not complete successfully.
[2025-10-06 07:18:46] [math8b-inference.sh] Iteration 1/5 done. Restarting...
[2025-10-06 07:18:47] [math8b-inference.sh] Submitting iteration 2/5...
[2025-10-06 07:18:47] [math8b-inference.sh] Submitted job: 25126763
[2025-10-06 07:18:47] [math8b-inference.sh] Waiting for Slurm job 25126763 to finish...
[2025-10-06 08:18:21] [math8b-inference.sh] Slurm job 25126763 finished.
[2025-10-06 08:18:21] [math8b-inference.sh] sacct: 25126763_0|TIMEOUT|0:0
[2025-10-06 08:18:21] ERROR: [math8b-inference.sh] Job 25126763 did not complete successfully.
[2025-10-06 08:18:21] [math8b-inference.sh] Iteration 2/5 done. Restarting...
[2025-10-06 08:18:21] [math8b-inference.sh] Submitting iteration 3/5...
[2025-10-06 08:18:21] [math8b-inference.sh] Submitted job: 25126899
[2025-10-06 08:18:21] [math8b-inference.sh] Waiting for Slurm job 25126899 to finish...
[2025-10-06 09:18:40] [math8b-inference.sh] Slurm job 25126899 finished.
[2025-10-06 09:18:40] [math8b-inference.sh] sacct: 25126899_0|COMPLETED|0:0
[2025-10-06 09:18:40] [math8b-inference.sh] Iteration 3/5 done. Restarting...
[2025-10-06 09:18:40] [math8b-inference.sh] Submitting iteration 4/5...
[2025-10-06 09:18:40] [math8b-inference.sh] Submitted job: 25126960
[2025-10-06 09:18:40] [math8b-inference.sh] Waiting for Slurm job 25126960 to finish...
[2025-10-06 10:18:44] [math8b-inference.sh] Slurm job 25126960 finished.
[2025-10-06 10:18:44] [math8b-inference.sh] sacct: 25126960_0|COMPLETED|0:0
[2025-10-06 10:18:44] [math8b-inference.sh] Iteration 4/5 done. Restarting...
[2025-10-06 10:18:44] [math8b-inference.sh] Submitting iteration 5/5...
[2025-10-06 10:18:44] [math8b-inference.sh] Submitted job: 25128276
[2025-10-06 10:18:44] [math8b-inference.sh] Waiting for Slurm job 25128276 to finish...
slurmstepd: error: *** JOB 25126704 ON node202 CANCELLED AT 2025-10-06T11:19:50 ***
Signal received, terminating child processes...
[2025-10-06 11:19:50] All script managers finished (5 loop(s) each).
